<div id='container' style='width: 98%; padding: 10px; margin: 0; background: #EBEBE0; color: #717171; font-family: Calibri;'><div id='summary'><h2 align='center' style='background-color: gray; color: white; padding: 10px; margin: 0;'>FAILED: Surefire suite () -  ()</h2><br><h2 style='clear: both; margin: 0;'>Summary:</h2><hr/><table style='width: 1000px;'><tr><td style='width: 100px;'>Environment:</td><td></td></tr><tr><td>Version:</td><td></td></tr><tr><td>Browser:</td><td></td></tr><tr><td>Finished:</td><td>06:29:21 2025-10-21</td></tr><tr class='pass' style='color: #66C266;'><td>Passed: </td><td>3</td></tr><tr class='fail' style='color: #FF5C33;'><td>Failed:</td><td>7</td></tr><tr class='skip' style='color: #FFD700;'><td>Skipped:</td><td>0</td></tr><tr><td>Success rate:</td><td>30%</td></tr></table></div><br><br><div id='results'><h2 style='margin: 0;'>Test results:</h2><hr/><table cellspacing='0' cellpadding='0' style='width: 100%;'><tr><th width='10%' align='center'>Result</th><th width='75%'>Test name</th><th width='10%'>Test files</th></tr><tr><td colspan='4' class='package' style='background: gray; border-style: solid; border-width: 1px; border-color: white; padding: 5px; color: white;'>com.solvd.demo.ui.tests</td></tr>
<tr class='pass' style='background: #66C266;'><td align='center' style='border-style: solid; border-width: 1px; border-color: white; padding: 5px; color: white;'>PASSED</td><td style='border-style: solid; border-width: 1px; border-color: white; padding: 5px; color: white;'>Surefire test - sanity</td><td align='center' style='border-style: solid; border-width: 1px; border-color: white; padding: 5px; color: white;'><a target='_blank' href='file://C:\Users\annar\source\Solvd\AutoTests\reports\1761042422976/5e10aba6-5ddb-418a-9435-86c47c867e7a/test.log' style='color: white;'>Logs</a></td></tr>
<tr class='fail' style='background: #FF5C33;'><td align='center' style='border-style: solid; border-width: 1px; border-color: white; padding: 5px; color: white;'>FAILED</td><td style='border-style: solid; border-width: 1px; border-color: white; padding: 5px; color: white;'><span>Surefire test - testAvatarVisibilityAfterHideMenu</span><div style="background:#ffcccc; color: black; padding: 5px; margin: 2px 0px 2px 0px;">no such element By.xpath: //button[class='hide-btn']<br/>For documentation on this error, please visit: https://www.selenium.dev/documentation/webdriver/troubleshooting/errors#no-such-element-exception<br/>Build info: version: '4.13.0', revision: 'ba948ece5b*'<br/>System info: os.name: 'Windows 11', os.arch: 'amd64', os.version: '10.0', java.version: '21.0.7'<br/>Driver info: driver.version: unknown<br/><br/>com.zebrunner.carina.webdriver.decorator.ExtendedWebElement.findElement(ExtendedWebElement.java:1774)<br/>com.zebrunner.carina.webdriver.decorator.ExtendedWebElement.doAction(ExtendedWebElement.java:1430)<br/>com.zebrunner.carina.webdriver.decorator.ExtendedWebElement.doAction(ExtendedWebElement.java:1407)<br/>com.zebrunner.carina.webdriver.decorator.ExtendedWebElement.click(ExtendedWebElement.java:708)<br/>com.zebrunner.carina.webdriver.decorator.ExtendedWebElement.click(ExtendedWebElement.java:688)<br/>com.zebrunner.carina.webdriver.decorator.ExtendedWebElement.click(ExtendedWebElement.java:670)<br/>com.solvd.demo.ui.pages.ElementsPage.clickHideMenu(ElementsPage.java:70)<br/>com.solvd.demo.ui.tests.UITest.testAvatarVisibilityAfterHideMenu(UITest.java:52)<br/>java.base/jdk.internal.reflect.DirectMethodHandleAccessor.invoke(DirectMethodHandleAccessor.java:103)<br/>java.base/java.lang.reflect.Method.invoke(Method.java:580)<br/>org.testng.internal.invokers.MethodInvocationHelper.invokeMethod(MethodInvocationHelper.java:139)<br/>org.testng.internal.invokers.TestInvoker.invokeMethod(TestInvoker.java:664)<br/>org.testng.internal.invokers.TestInvoker.invokeTestMethod(TestInvoker.java:227)<br/>org.testng.internal.invokers.MethodRunner.runInSequence(MethodRunner.java:50)<br/>org.testng.internal.invokers.TestInvoker$MethodInvocationAgent.invoke(TestInvoker.java:957)<br/>org.testng.internal.invokers.TestInvoker.invokeTestMethods(TestInvoker.java:200)<br/>org.testng.internal.invokers.TestMethodWorker.invokeTestMethods(TestMethodWorker.java:148)<br/>org.testng.internal.invokers.TestMethodWorker.run(TestMethodWorker.java:128)<br/>java.base/java.util.ArrayList.forEach(ArrayList.java:1596)<br/>org.testng.TestRunner.privat...</div></td><td align='center' style='border-style: solid; border-width: 1px; border-color: white; padding: 5px; color: white;'><a target='_blank' href='file://C:\Users\annar\source\Solvd\AutoTests\reports\1761042422976/9cdac325-7f84-42e9-9d9e-6b85dbeb4895/test.log' style='color: white;'>Logs</a></td></tr>
<tr class='fail' style='background: #FF5C33;'><td align='center' style='border-style: solid; border-width: 1px; border-color: white; padding: 5px; color: white;'>FAILED</td><td style='border-style: solid; border-width: 1px; border-color: white; padding: 5px; color: white;'><span>Surefire test - testAvatarVisibilityBeforeHideMenu</span><div style="background:#ffcccc; color: black; padding: 5px; margin: 2px 0px 2px 0px;">stale element reference<br/>For documentation on this error, please visit: https://www.selenium.dev/documentation/webdriver/troubleshooting/errors#stale-element-reference-exception<br/>Build info: version: '4.13.0', revision: 'ba948ece5b*'<br/>System info: os.name: 'Windows 11', os.arch: 'amd64', os.version: '10.0', java.version: '21.0.7'<br/>Driver info: driver.version: unknown<br/><br/>com.zebrunner.carina.webdriver.decorator.ExtendedWebElement.isDisplayed(ExtendedWebElement.java:640)<br/>com.solvd.demo.ui.pages.ElementsPage.isAvatarVisible(ElementsPage.java:74)<br/>com.solvd.demo.ui.tests.UITest.testAvatarVisibilityBeforeHideMenu(UITest.java:41)<br/>java.base/jdk.internal.reflect.DirectMethodHandleAccessor.invoke(DirectMethodHandleAccessor.java:103)<br/>java.base/java.lang.reflect.Method.invoke(Method.java:580)<br/>org.testng.internal.invokers.MethodInvocationHelper.invokeMethod(MethodInvocationHelper.java:139)<br/>org.testng.internal.invokers.TestInvoker.invokeMethod(TestInvoker.java:664)<br/>org.testng.internal.invokers.TestInvoker.invokeTestMethod(TestInvoker.java:227)<br/>org.testng.internal.invokers.MethodRunner.runInSequence(MethodRunner.java:50)<br/>org.testng.internal.invokers.TestInvoker$MethodInvocationAgent.invoke(TestInvoker.java:957)<br/>org.testng.internal.invokers.TestInvoker.invokeTestMethods(TestInvoker.java:200)<br/>org.testng.internal.invokers.TestMethodWorker.invokeTestMethods(TestMethodWorker.java:148)<br/>org.testng.internal.invokers.TestMethodWorker.run(TestMethodWorker.java:128)<br/>java.base/java.util.ArrayList.forEach(ArrayList.java:1596)<br/>org.testng.TestRunner.privateRun(TestRunner.java:848)<br/>org.testng.TestRunner.run(TestRunner.java:621)<br/>org.testng.SuiteRunner.runTest(SuiteRunner.java:443)<br/>org.testng.SuiteRunner.runSequentially(SuiteRunner.java:437)<br/>org.testng.SuiteRunner.privateRun(SuiteRunner.java:397)<br/>org.testng.SuiteRunner.run(SuiteRunner.java:336)<br/>org.testng.SuiteRunnerWorker.runSuite(SuiteRunnerWorker.java:52)<br/>org.testng.SuiteRunnerWorker.run(SuiteRunnerWorker.java:95)<br/>org.testng.TestNG.runSuitesSequentially(TestNG.java:1280)<br/>org.testng.TestNG.runSuites...</div></td><td align='center' style='border-style: solid; border-width: 1px; border-color: white; padding: 5px; color: white;'><a target='_blank' href='file://C:\Users\annar\source\Solvd\AutoTests\reports\1761042422976/7c7fc18d-1d0d-4146-982d-b6cca3d815fd/test.log' style='color: white;'>Logs</a></td></tr>
<tr class='fail' style='background: #FF5C33;'><td align='center' style='border-style: solid; border-width: 1px; border-color: white; padding: 5px; color: white;'>FAILED</td><td style='border-style: solid; border-width: 1px; border-color: white; padding: 5px; color: white;'><span>Surefire test - testFormButtonDisabledThenEnabled</span><div style="background:#ffcccc; color: black; padding: 5px; margin: 2px 0px 2px 0px;">no such element By.xpath: //button[class='form-btn']<br/>For documentation on this error, please visit: https://www.selenium.dev/documentation/webdriver/troubleshooting/errors#no-such-element-exception<br/>Build info: version: '4.13.0', revision: 'ba948ece5b*'<br/>System info: os.name: 'Windows 11', os.arch: 'amd64', os.version: '10.0', java.version: '21.0.7'<br/>Driver info: driver.version: unknown<br/><br/>com.zebrunner.carina.webdriver.decorator.ExtendedWebElement.findElement(ExtendedWebElement.java:1774)<br/>com.zebrunner.carina.webdriver.decorator.ExtendedWebElement.doAction(ExtendedWebElement.java:1430)<br/>com.zebrunner.carina.webdriver.decorator.ExtendedWebElement.getAttribute(ExtendedWebElement.java:609)<br/>com.solvd.demo.ui.pages.ElementsPage.isFormButtonDisabled(ElementsPage.java:87)<br/>com.solvd.demo.ui.tests.UITest.testFormButtonDisabledThenEnabled(UITest.java:84)<br/>java.base/jdk.internal.reflect.DirectMethodHandleAccessor.invoke(DirectMethodHandleAccessor.java:103)<br/>java.base/java.lang.reflect.Method.invoke(Method.java:580)<br/>org.testng.internal.invokers.MethodInvocationHelper.invokeMethod(MethodInvocationHelper.java:139)<br/>org.testng.internal.invokers.TestInvoker.invokeMethod(TestInvoker.java:664)<br/>org.testng.internal.invokers.TestInvoker.invokeTestMethod(TestInvoker.java:227)<br/>org.testng.internal.invokers.MethodRunner.runInSequence(MethodRunner.java:50)<br/>org.testng.internal.invokers.TestInvoker$MethodInvocationAgent.invoke(TestInvoker.java:957)<br/>org.testng.internal.invokers.TestInvoker.invokeTestMethods(TestInvoker.java:200)<br/>org.testng.internal.invokers.TestMethodWorker.invokeTestMethods(TestMethodWorker.java:148)<br/>org.testng.internal.invokers.TestMethodWorker.run(TestMethodWorker.java:128)<br/>java.base/java.util.ArrayList.forEach(ArrayList.java:1596)<br/>org.testng.TestRunner.privateRun(TestRunner.java:848)<br/>org.testng.TestRunner.run(TestRunner.java:621)<br/>org.testng.SuiteRunner.runTest(SuiteRunner.java:443)<br/>org.testng.SuiteRunner.runSequentially(SuiteRunner.java:437)<br/>org.testng.SuiteRunner.privateRun(SuiteRunner.java:397)<br/>org.testng.SuiteRunner.run(Suite...</div></td><td align='center' style='border-style: solid; border-width: 1px; border-color: white; padding: 5px; color: white;'><a target='_blank' href='file://C:\Users\annar\source\Solvd\AutoTests\reports\1761042422976/af8eb1bb-3208-4014-b35f-3d549dce8c81/test.log' style='color: white;'>Logs</a></td></tr>
<tr class='fail' style='background: #FF5C33;'><td align='center' style='border-style: solid; border-width: 1px; border-color: white; padding: 5px; color: white;'>FAILED</td><td style='border-style: solid; border-width: 1px; border-color: white; padding: 5px; color: white;'><span>Surefire test - testGemMenuActiveAfterClicking</span><div style="background:#ffcccc; color: black; padding: 5px; margin: 2px 0px 2px 0px;">no such element By.xpath: //li[data-icon='gem']<br/>For documentation on this error, please visit: https://www.selenium.dev/documentation/webdriver/troubleshooting/errors#no-such-element-exception<br/>Build info: version: '4.13.0', revision: 'ba948ece5b*'<br/>System info: os.name: 'Windows 11', os.arch: 'amd64', os.version: '10.0', java.version: '21.0.7'<br/>Driver info: driver.version: unknown<br/><br/>com.zebrunner.carina.webdriver.decorator.ExtendedWebElement.findElement(ExtendedWebElement.java:1774)<br/>com.zebrunner.carina.webdriver.decorator.ExtendedWebElement.doAction(ExtendedWebElement.java:1430)<br/>com.zebrunner.carina.webdriver.decorator.ExtendedWebElement.doAction(ExtendedWebElement.java:1407)<br/>com.zebrunner.carina.webdriver.decorator.ExtendedWebElement.click(ExtendedWebElement.java:708)<br/>com.zebrunner.carina.webdriver.decorator.ExtendedWebElement.click(ExtendedWebElement.java:688)<br/>com.zebrunner.carina.webdriver.decorator.ExtendedWebElement.click(ExtendedWebElement.java:670)<br/>com.solvd.demo.ui.pages.ElementsPage.clickGemMenu(ElementsPage.java:53)<br/>com.solvd.demo.ui.tests.UITest.testGemMenuActiveAfterClicking(UITest.java:73)<br/>java.base/jdk.internal.reflect.DirectMethodHandleAccessor.invoke(DirectMethodHandleAccessor.java:103)<br/>java.base/java.lang.reflect.Method.invoke(Method.java:580)<br/>org.testng.internal.invokers.MethodInvocationHelper.invokeMethod(MethodInvocationHelper.java:139)<br/>org.testng.internal.invokers.TestInvoker.invokeMethod(TestInvoker.java:664)<br/>org.testng.internal.invokers.TestInvoker.invokeTestMethod(TestInvoker.java:227)<br/>org.testng.internal.invokers.MethodRunner.runInSequence(MethodRunner.java:50)<br/>org.testng.internal.invokers.TestInvoker$MethodInvocationAgent.invoke(TestInvoker.java:957)<br/>org.testng.internal.invokers.TestInvoker.invokeTestMethods(TestInvoker.java:200)<br/>org.testng.internal.invokers.TestMethodWorker.invokeTestMethods(TestMethodWorker.java:148)<br/>org.testng.internal.invokers.TestMethodWorker.run(TestMethodWorker.java:128)<br/>java.base/java.util.ArrayList.forEach(ArrayList.java:1596)<br/>org.testng.TestRunner.privateRun(Test...</div></td><td align='center' style='border-style: solid; border-width: 1px; border-color: white; padding: 5px; color: white;'><a target='_blank' href='file://C:\Users\annar\source\Solvd\AutoTests\reports\1761042422976/a54485aa-283a-435b-83b9-a5528e0a1434/test.log' style='color: white;'>Logs</a></td></tr>
<tr class='fail' style='background: #FF5C33;'><td align='center' style='border-style: solid; border-width: 1px; border-color: white; padding: 5px; color: white;'>FAILED</td><td style='border-style: solid; border-width: 1px; border-color: white; padding: 5px; color: white;'><span>Surefire test - testGemMenuActiveBeforeClicking</span><div style="background:#ffcccc; color: black; padding: 5px; margin: 2px 0px 2px 0px;">no such element By.xpath: //li[data-icon='gem']<br/>For documentation on this error, please visit: https://www.selenium.dev/documentation/webdriver/troubleshooting/errors#no-such-element-exception<br/>Build info: version: '4.13.0', revision: 'ba948ece5b*'<br/>System info: os.name: 'Windows 11', os.arch: 'amd64', os.version: '10.0', java.version: '21.0.7'<br/>Driver info: driver.version: unknown<br/><br/>com.zebrunner.carina.webdriver.decorator.ExtendedWebElement.findElement(ExtendedWebElement.java:1774)<br/>com.zebrunner.carina.webdriver.decorator.ExtendedWebElement.doAction(ExtendedWebElement.java:1430)<br/>com.zebrunner.carina.webdriver.decorator.ExtendedWebElement.getAttribute(ExtendedWebElement.java:609)<br/>com.solvd.demo.ui.pages.ElementsPage.getGemMenuClass(ElementsPage.java:48)<br/>com.solvd.demo.ui.tests.UITest.testGemMenuActiveBeforeClicking(UITest.java:63)<br/>java.base/jdk.internal.reflect.DirectMethodHandleAccessor.invoke(DirectMethodHandleAccessor.java:103)<br/>java.base/java.lang.reflect.Method.invoke(Method.java:580)<br/>org.testng.internal.invokers.MethodInvocationHelper.invokeMethod(MethodInvocationHelper.java:139)<br/>org.testng.internal.invokers.TestInvoker.invokeMethod(TestInvoker.java:664)<br/>org.testng.internal.invokers.TestInvoker.invokeTestMethod(TestInvoker.java:227)<br/>org.testng.internal.invokers.MethodRunner.runInSequence(MethodRunner.java:50)<br/>org.testng.internal.invokers.TestInvoker$MethodInvocationAgent.invoke(TestInvoker.java:957)<br/>org.testng.internal.invokers.TestInvoker.invokeTestMethods(TestInvoker.java:200)<br/>org.testng.internal.invokers.TestMethodWorker.invokeTestMethods(TestMethodWorker.java:148)<br/>org.testng.internal.invokers.TestMethodWorker.run(TestMethodWorker.java:128)<br/>java.base/java.util.ArrayList.forEach(ArrayList.java:1596)<br/>org.testng.TestRunner.privateRun(TestRunner.java:848)<br/>org.testng.TestRunner.run(TestRunner.java:621)<br/>org.testng.SuiteRunner.runTest(SuiteRunner.java:443)<br/>org.testng.SuiteRunner.runSequentially(SuiteRunner.java:437)<br/>org.testng.SuiteRunner.privateRun(SuiteRunner.java:397)<br/>org.testng.SuiteRunner.run(SuiteRunner.java:...</div></td><td align='center' style='border-style: solid; border-width: 1px; border-color: white; padding: 5px; color: white;'><a target='_blank' href='file://C:\Users\annar\source\Solvd\AutoTests\reports\1761042422976/2f9314e2-7474-41d4-ba1b-a53118be1a49/test.log' style='color: white;'>Logs</a></td></tr>
<tr class='pass' style='background: #66C266;'><td align='center' style='border-style: solid; border-width: 1px; border-color: white; padding: 5px; color: white;'>PASSED</td><td style='border-style: solid; border-width: 1px; border-color: white; padding: 5px; color: white;'>Surefire test - testHomePageLoading</td><td align='center' style='border-style: solid; border-width: 1px; border-color: white; padding: 5px; color: white;'><a target='_blank' href='file://C:\Users\annar\source\Solvd\AutoTests\reports\1761042422976/b5bc0819-e1ee-46dc-8393-b2381dba7684/test.log' style='color: white;'>Logs</a></td></tr>
<tr class='pass' style='background: #66C266;'><td align='center' style='border-style: solid; border-width: 1px; border-color: white; padding: 5px; color: white;'>PASSED</td><td style='border-style: solid; border-width: 1px; border-color: white; padding: 5px; color: white;'>Surefire test - testKnowMoreButtonClickNavigatesToInner</td><td align='center' style='border-style: solid; border-width: 1px; border-color: white; padding: 5px; color: white;'><a target='_blank' href='file://C:\Users\annar\source\Solvd\AutoTests\reports\1761042422976/571b6076-b491-4acd-9fd6-4c16e98b864e/test.log' style='color: white;'>Logs</a></td></tr>
<tr class='fail' style='background: #FF5C33;'><td align='center' style='border-style: solid; border-width: 1px; border-color: white; padding: 5px; color: white;'>FAILED</td><td style='border-style: solid; border-width: 1px; border-color: white; padding: 5px; color: white;'><span>Surefire test - testScrollButtonBecomesVisible</span><div style="background:#ffcccc; color: black; padding: 5px; margin: 2px 0px 2px 0px;">Scroll button should be visible after scrolling down! expected [true] but found [false]<br/><br/>org.testng.Assert.fail(Assert.java:111)<br/>org.testng.Assert.failNotEquals(Assert.java:1578)<br/>org.testng.Assert.assertTrue(Assert.java:57)<br/>com.solvd.demo.ui.tests.UITest.testScrollButtonBecomesVisible(UITest.java:103)<br/>java.base/jdk.internal.reflect.DirectMethodHandleAccessor.invoke(DirectMethodHandleAccessor.java:103)<br/>java.base/java.lang.reflect.Method.invoke(Method.java:580)<br/>org.testng.internal.invokers.MethodInvocationHelper.invokeMethod(MethodInvocationHelper.java:139)<br/>org.testng.internal.invokers.TestInvoker.invokeMethod(TestInvoker.java:664)<br/>org.testng.internal.invokers.TestInvoker.invokeTestMethod(TestInvoker.java:227)<br/>org.testng.internal.invokers.MethodRunner.runInSequence(MethodRunner.java:50)<br/>org.testng.internal.invokers.TestInvoker$MethodInvocationAgent.invoke(TestInvoker.java:957)<br/>org.testng.internal.invokers.TestInvoker.invokeTestMethods(TestInvoker.java:200)<br/>org.testng.internal.invokers.TestMethodWorker.invokeTestMethods(TestMethodWorker.java:148)<br/>org.testng.internal.invokers.TestMethodWorker.run(TestMethodWorker.java:128)<br/>java.base/java.util.ArrayList.forEach(ArrayList.java:1596)<br/>org.testng.TestRunner.privateRun(TestRunner.java:848)<br/>org.testng.TestRunner.run(TestRunner.java:621)<br/>org.testng.SuiteRunner.runTest(SuiteRunner.java:443)<br/>org.testng.SuiteRunner.runSequentially(SuiteRunner.java:437)<br/>org.testng.SuiteRunner.privateRun(SuiteRunner.java:397)<br/>org.testng.SuiteRunner.run(SuiteRunner.java:336)<br/>org.testng.SuiteRunnerWorker.runSuite(SuiteRunnerWorker.java:52)<br/>org.testng.SuiteRunnerWorker.run(SuiteRunnerWorker.java:95)<br/>org.testng.TestNG.runSuitesSequentially(TestNG.java:1280)<br/>org.testng.TestNG.runSuitesLocally(TestNG.java:1200)<br/>org.testng.TestNG.runSuites(TestNG.java:1114)<br/>org.testng.TestNG.run(TestNG.java:1082)<br/>org.apache.maven.surefire.testng.TestNGExecutor.run(TestNGExecutor.java:155)<br/>org.apache.maven.surefire.testng.TestNGDirectoryTestSuite.executeSingleClass(TestNGDirectoryTestSuite.java:102)<br/>org.apache.maven.sure...</div></td><td align='center' style='border-style: solid; border-width: 1px; border-color: white; padding: 5px; color: white;'><a target='_blank' href='file://C:\Users\annar\source\Solvd\AutoTests\reports\1761042422976/baa479fd-4c29-41c4-8a6b-df9a3b03cf67/test.log' style='color: white;'>Logs</a></td></tr>
<tr class='fail' style='background: #FF5C33;'><td align='center' style='border-style: solid; border-width: 1px; border-color: white; padding: 5px; color: white;'>FAILED</td><td style='border-style: solid; border-width: 1px; border-color: white; padding: 5px; color: white;'><span>Surefire test - testScrollButtonScrollsUp</span><div style="background:#ffcccc; color: black; padding: 5px; margin: 2px 0px 2px 0px;">Scroll button should be visible before clicking! expected [true] but found [false]<br/><br/>org.testng.Assert.fail(Assert.java:111)<br/>org.testng.Assert.failNotEquals(Assert.java:1578)<br/>org.testng.Assert.assertTrue(Assert.java:57)<br/>com.solvd.demo.ui.tests.UITest.testScrollButtonScrollsUp(UITest.java:113)<br/>java.base/jdk.internal.reflect.DirectMethodHandleAccessor.invoke(DirectMethodHandleAccessor.java:103)<br/>java.base/java.lang.reflect.Method.invoke(Method.java:580)<br/>org.testng.internal.invokers.MethodInvocationHelper.invokeMethod(MethodInvocationHelper.java:139)<br/>org.testng.internal.invokers.TestInvoker.invokeMethod(TestInvoker.java:664)<br/>org.testng.internal.invokers.TestInvoker.invokeTestMethod(TestInvoker.java:227)<br/>org.testng.internal.invokers.MethodRunner.runInSequence(MethodRunner.java:50)<br/>org.testng.internal.invokers.TestInvoker$MethodInvocationAgent.invoke(TestInvoker.java:957)<br/>org.testng.internal.invokers.TestInvoker.invokeTestMethods(TestInvoker.java:200)<br/>org.testng.internal.invokers.TestMethodWorker.invokeTestMethods(TestMethodWorker.java:148)<br/>org.testng.internal.invokers.TestMethodWorker.run(TestMethodWorker.java:128)<br/>java.base/java.util.ArrayList.forEach(ArrayList.java:1596)<br/>org.testng.TestRunner.privateRun(TestRunner.java:848)<br/>org.testng.TestRunner.run(TestRunner.java:621)<br/>org.testng.SuiteRunner.runTest(SuiteRunner.java:443)<br/>org.testng.SuiteRunner.runSequentially(SuiteRunner.java:437)<br/>org.testng.SuiteRunner.privateRun(SuiteRunner.java:397)<br/>org.testng.SuiteRunner.run(SuiteRunner.java:336)<br/>org.testng.SuiteRunnerWorker.runSuite(SuiteRunnerWorker.java:52)<br/>org.testng.SuiteRunnerWorker.run(SuiteRunnerWorker.java:95)<br/>org.testng.TestNG.runSuitesSequentially(TestNG.java:1280)<br/>org.testng.TestNG.runSuitesLocally(TestNG.java:1200)<br/>org.testng.TestNG.runSuites(TestNG.java:1114)<br/>org.testng.TestNG.run(TestNG.java:1082)<br/>org.apache.maven.surefire.testng.TestNGExecutor.run(TestNGExecutor.java:155)<br/>org.apache.maven.surefire.testng.TestNGDirectoryTestSuite.executeSingleClass(TestNGDirectoryTestSuite.java:102)<br/>org.apache.maven.surefire.testn...</div></td><td align='center' style='border-style: solid; border-width: 1px; border-color: white; padding: 5px; color: white;'><a target='_blank' href='file://C:\Users\annar\source\Solvd\AutoTests\reports\1761042422976/d97b2ffc-0670-41fd-94c1-fd4e79227e55/test.log' style='color: white;'>Logs</a></td></tr>
</table></div></div>
