<?xml version="1.0" encoding="UTF-8"?>
<!-- Generated by org.testng.reporters.JUnitXMLReporter -->
<testsuite ignored="0" hostname="Anna" failures="7" tests="10" name="Surefire test" time="136.232" errors="0" timestamp="2025-10-21T06:29:21 EDT">
  <testcase classname="com.solvd.demo.ui.tests.UITest" name="sanity" time="0.036"/>
  <testcase classname="com.solvd.demo.ui.tests.UITest" name="testAvatarVisibilityAfterHideMenu" time="22.273">
    <failure type="org.openqa.selenium.NoSuchElementException" message="no such element By.xpath: //button[class=&amp;apos;hide-btn&amp;apos;]
For documentation on this error, please visit: https://www.selenium.dev/documentation/webdriver/troubleshooting/errors#no-such-element-exception
Build info: version: &amp;apos;4.13.0&amp;apos;, revision: &amp;apos;ba948ece5b*&amp;apos;
System info: os.name: &amp;apos;Windows 11&amp;apos;, os.arch: &amp;apos;amd64&amp;apos;, os.version: &amp;apos;10.0&amp;apos;, java.version: &amp;apos;21.0.7&amp;apos;
Driver info: driver.version: unknown">
      <![CDATA[org.openqa.selenium.NoSuchElementException: no such element By.xpath: //button[class='hide-btn']
For documentation on this error, please visit: https://www.selenium.dev/documentation/webdriver/troubleshooting/errors#no-such-element-exception
Build info: version: '4.13.0', revision: 'ba948ece5b*'
System info: os.name: 'Windows 11', os.arch: 'amd64', os.version: '10.0', java.version: '21.0.7'
Driver info: driver.version: unknown
at com.zebrunner.carina.webdriver.decorator.ExtendedWebElement.findElement(ExtendedWebElement.java:1774)
at com.zebrunner.carina.webdriver.decorator.ExtendedWebElement.doAction(ExtendedWebElement.java:1430)
at com.zebrunner.carina.webdriver.decorator.ExtendedWebElement.doAction(ExtendedWebElement.java:1407)
at com.zebrunner.carina.webdriver.decorator.ExtendedWebElement.click(ExtendedWebElement.java:708)
at com.zebrunner.carina.webdriver.decorator.ExtendedWebElement.click(ExtendedWebElement.java:688)
at com.zebrunner.carina.webdriver.decorator.ExtendedWebElement.click(ExtendedWebElement.java:670)
at com.solvd.demo.ui.pages.ElementsPage.clickHideMenu(ElementsPage.java:70)
at com.solvd.demo.ui.tests.UITest.testAvatarVisibilityAfterHideMenu(UITest.java:52)
at java.base/java.util.ArrayList.forEach(ArrayList.java:1596)
... Removed 30 stack frames]]>
    </failure>
  </testcase> <!-- testAvatarVisibilityAfterHideMenu -->
  <testcase classname="com.solvd.demo.ui.tests.UITest" name="testAvatarVisibilityBeforeHideMenu" time="0.614">
    <failure type="org.openqa.selenium.StaleElementReferenceException" message="stale element reference
For documentation on this error, please visit: https://www.selenium.dev/documentation/webdriver/troubleshooting/errors#stale-element-reference-exception
Build info: version: &amp;apos;4.13.0&amp;apos;, revision: &amp;apos;ba948ece5b*&amp;apos;
System info: os.name: &amp;apos;Windows 11&amp;apos;, os.arch: &amp;apos;amd64&amp;apos;, os.version: &amp;apos;10.0&amp;apos;, java.version: &amp;apos;21.0.7&amp;apos;
Driver info: driver.version: unknown">
      <![CDATA[org.openqa.selenium.StaleElementReferenceException: stale element reference
For documentation on this error, please visit: https://www.selenium.dev/documentation/webdriver/troubleshooting/errors#stale-element-reference-exception
Build info: version: '4.13.0', revision: 'ba948ece5b*'
System info: os.name: 'Windows 11', os.arch: 'amd64', os.version: '10.0', java.version: '21.0.7'
Driver info: driver.version: unknown
at com.zebrunner.carina.webdriver.decorator.ExtendedWebElement.isDisplayed(ExtendedWebElement.java:640)
at com.solvd.demo.ui.pages.ElementsPage.isAvatarVisible(ElementsPage.java:74)
at com.solvd.demo.ui.tests.UITest.testAvatarVisibilityBeforeHideMenu(UITest.java:41)
at java.base/java.util.ArrayList.forEach(ArrayList.java:1596)
... Removed 30 stack frames]]>
    </failure>
  </testcase> <!-- testAvatarVisibilityBeforeHideMenu -->
  <testcase classname="com.solvd.demo.ui.tests.UITest" name="testFormButtonDisabledThenEnabled" time="21.119">
    <failure type="org.openqa.selenium.NoSuchElementException" message="no such element By.xpath: //button[class=&amp;apos;form-btn&amp;apos;]
For documentation on this error, please visit: https://www.selenium.dev/documentation/webdriver/troubleshooting/errors#no-such-element-exception
Build info: version: &amp;apos;4.13.0&amp;apos;, revision: &amp;apos;ba948ece5b*&amp;apos;
System info: os.name: &amp;apos;Windows 11&amp;apos;, os.arch: &amp;apos;amd64&amp;apos;, os.version: &amp;apos;10.0&amp;apos;, java.version: &amp;apos;21.0.7&amp;apos;
Driver info: driver.version: unknown">
      <![CDATA[org.openqa.selenium.NoSuchElementException: no such element By.xpath: //button[class='form-btn']
For documentation on this error, please visit: https://www.selenium.dev/documentation/webdriver/troubleshooting/errors#no-such-element-exception
Build info: version: '4.13.0', revision: 'ba948ece5b*'
System info: os.name: 'Windows 11', os.arch: 'amd64', os.version: '10.0', java.version: '21.0.7'
Driver info: driver.version: unknown
at com.zebrunner.carina.webdriver.decorator.ExtendedWebElement.findElement(ExtendedWebElement.java:1774)
at com.zebrunner.carina.webdriver.decorator.ExtendedWebElement.doAction(ExtendedWebElement.java:1430)
at com.zebrunner.carina.webdriver.decorator.ExtendedWebElement.getAttribute(ExtendedWebElement.java:609)
at com.solvd.demo.ui.pages.ElementsPage.isFormButtonDisabled(ElementsPage.java:87)
at com.solvd.demo.ui.tests.UITest.testFormButtonDisabledThenEnabled(UITest.java:84)
at java.base/java.util.ArrayList.forEach(ArrayList.java:1596)
... Removed 30 stack frames]]>
    </failure>
  </testcase> <!-- testFormButtonDisabledThenEnabled -->
  <testcase classname="com.solvd.demo.ui.tests.UITest" name="testGemMenuActiveAfterClicking" time="20.842">
    <failure type="org.openqa.selenium.NoSuchElementException" message="no such element By.xpath: //li[data-icon=&amp;apos;gem&amp;apos;]
For documentation on this error, please visit: https://www.selenium.dev/documentation/webdriver/troubleshooting/errors#no-such-element-exception
Build info: version: &amp;apos;4.13.0&amp;apos;, revision: &amp;apos;ba948ece5b*&amp;apos;
System info: os.name: &amp;apos;Windows 11&amp;apos;, os.arch: &amp;apos;amd64&amp;apos;, os.version: &amp;apos;10.0&amp;apos;, java.version: &amp;apos;21.0.7&amp;apos;
Driver info: driver.version: unknown">
      <![CDATA[org.openqa.selenium.NoSuchElementException: no such element By.xpath: //li[data-icon='gem']
For documentation on this error, please visit: https://www.selenium.dev/documentation/webdriver/troubleshooting/errors#no-such-element-exception
Build info: version: '4.13.0', revision: 'ba948ece5b*'
System info: os.name: 'Windows 11', os.arch: 'amd64', os.version: '10.0', java.version: '21.0.7'
Driver info: driver.version: unknown
at com.zebrunner.carina.webdriver.decorator.ExtendedWebElement.findElement(ExtendedWebElement.java:1774)
at com.zebrunner.carina.webdriver.decorator.ExtendedWebElement.doAction(ExtendedWebElement.java:1430)
at com.zebrunner.carina.webdriver.decorator.ExtendedWebElement.doAction(ExtendedWebElement.java:1407)
at com.zebrunner.carina.webdriver.decorator.ExtendedWebElement.click(ExtendedWebElement.java:708)
at com.zebrunner.carina.webdriver.decorator.ExtendedWebElement.click(ExtendedWebElement.java:688)
at com.zebrunner.carina.webdriver.decorator.ExtendedWebElement.click(ExtendedWebElement.java:670)
at com.solvd.demo.ui.pages.ElementsPage.clickGemMenu(ElementsPage.java:53)
at com.solvd.demo.ui.tests.UITest.testGemMenuActiveAfterClicking(UITest.java:73)
at java.base/java.util.ArrayList.forEach(ArrayList.java:1596)
... Removed 30 stack frames]]>
    </failure>
  </testcase> <!-- testGemMenuActiveAfterClicking -->
  <testcase classname="com.solvd.demo.ui.tests.UITest" name="testGemMenuActiveBeforeClicking" time="20.801">
    <failure type="org.openqa.selenium.NoSuchElementException" message="no such element By.xpath: //li[data-icon=&amp;apos;gem&amp;apos;]
For documentation on this error, please visit: https://www.selenium.dev/documentation/webdriver/troubleshooting/errors#no-such-element-exception
Build info: version: &amp;apos;4.13.0&amp;apos;, revision: &amp;apos;ba948ece5b*&amp;apos;
System info: os.name: &amp;apos;Windows 11&amp;apos;, os.arch: &amp;apos;amd64&amp;apos;, os.version: &amp;apos;10.0&amp;apos;, java.version: &amp;apos;21.0.7&amp;apos;
Driver info: driver.version: unknown">
      <![CDATA[org.openqa.selenium.NoSuchElementException: no such element By.xpath: //li[data-icon='gem']
For documentation on this error, please visit: https://www.selenium.dev/documentation/webdriver/troubleshooting/errors#no-such-element-exception
Build info: version: '4.13.0', revision: 'ba948ece5b*'
System info: os.name: 'Windows 11', os.arch: 'amd64', os.version: '10.0', java.version: '21.0.7'
Driver info: driver.version: unknown
at com.zebrunner.carina.webdriver.decorator.ExtendedWebElement.findElement(ExtendedWebElement.java:1774)
at com.zebrunner.carina.webdriver.decorator.ExtendedWebElement.doAction(ExtendedWebElement.java:1430)
at com.zebrunner.carina.webdriver.decorator.ExtendedWebElement.getAttribute(ExtendedWebElement.java:609)
at com.solvd.demo.ui.pages.ElementsPage.getGemMenuClass(ElementsPage.java:48)
at com.solvd.demo.ui.tests.UITest.testGemMenuActiveBeforeClicking(UITest.java:63)
at java.base/java.util.ArrayList.forEach(ArrayList.java:1596)
... Removed 30 stack frames]]>
    </failure>
  </testcase> <!-- testGemMenuActiveBeforeClicking -->
  <testcase classname="com.solvd.demo.ui.tests.UITest" name="testHomePageLoading" time="0.289"/>
  <testcase classname="com.solvd.demo.ui.tests.UITest" name="testKnowMoreButtonClickNavigatesToInner" time="0.405"/>
  <testcase classname="com.solvd.demo.ui.tests.UITest" name="testScrollButtonBecomesVisible" time="21.19">
    <failure type="java.lang.AssertionError" message="Scroll button should be visible after scrolling down! expected [true] but found [false]">
      <![CDATA[java.lang.AssertionError: Scroll button should be visible after scrolling down! expected [true] but found [false]
at com.solvd.demo.ui.tests.UITest.testScrollButtonBecomesVisible(UITest.java:103)
at java.base/java.util.ArrayList.forEach(ArrayList.java:1596)
... Removed 33 stack frames]]>
    </failure>
  </testcase> <!-- testScrollButtonBecomesVisible -->
  <testcase classname="com.solvd.demo.ui.tests.UITest" name="testScrollButtonScrollsUp" time="21.214">
    <failure type="java.lang.AssertionError" message="Scroll button should be visible before clicking! expected [true] but found [false]">
      <![CDATA[java.lang.AssertionError: Scroll button should be visible before clicking! expected [true] but found [false]
at com.solvd.demo.ui.tests.UITest.testScrollButtonScrollsUp(UITest.java:113)
at java.base/java.util.ArrayList.forEach(ArrayList.java:1596)
... Removed 33 stack frames]]>
    </failure>
  </testcase> <!-- testScrollButtonScrollsUp -->
</testsuite> <!-- Surefire test -->
