<!DOCTYPE html PUBLIC "-//W3C//DTD XHTML 1.1//EN" "https://www.w3.org/TR/xhtml11/DTD/xhtml11.dtd">
<html xmlns="https://www.w3.org/1999/xhtml">
<head>
<meta http-equiv="content-type" content="text/html; charset=UTF-8"/>
<title>TestNG Report</title>
<style type="text/css">table {margin-bottom:10px;border-collapse:collapse;empty-cells:show}th,td {border:1px solid #009;padding:.25em .5em}th {vertical-align:bottom}td {vertical-align:top}table a {font-weight:bold}.stripe td {background-color: #E6EBF9}.num {text-align:right}.passedodd td {background-color: #3F3}.passedeven td {background-color: #0A0}.skippedodd td {background-color: #DDD}.skippedeven td {background-color: #CCC}.failedodd td,.attn {background-color: #F33}.failedeven td,.stripe .attn {background-color: #D00}.stacktrace {white-space:pre;font-family:monospace}.totop {font-size:85%;text-align:center;border-bottom:2px solid #000}.invisible {display:none}</style>
</head>
<body>
<table>
<tr><th>Test</th><th># Passed</th><th># Skipped</th><th># Retried</th><th># Failed</th><th>Time (ms)</th><th>Included Groups</th><th>Excluded Groups</th></tr>
<tr><th colspan="8">UI Suite</th></tr>
<tr><td><a href="#t0">UI Tests</a></td><td class="num">10</td><td class="num">0</td><td class="num">0</td><td class="num attn">4</td><td class="num">42,964</td><td></td><td></td></tr>
</table>
<table id='summary'><thead><tr><th>Class</th><th>Method</th><th>Start</th><th>Time (ms)</th></tr></thead><tbody><tr><th colspan="4">UI Suite</th></tr></tbody><tbody id="t0"><tr><th colspan="4">UI Tests &#8212; failed</th></tr><tr class="failedeven"><td rowspan="4">com.solvd.demo.ui.tests.UITest</td><td><a href="#m0">testAddSkill_WaitsBadgeVisible</a></td><td rowspan="1">1761226390496</td><td rowspan="1">2371</td></tr><tr class="failedeven"><td><a href="#m1">testFormButtonDisabledThenEnabled</a></td><td rowspan="1">1761226416629</td><td rowspan="1">2038</td></tr><tr class="failedeven"><td><a href="#m2">testGemMenuActiveAfterClicking</a></td><td rowspan="1">1761226419266</td><td rowspan="1">1639</td></tr><tr class="failedeven"><td><a href="#m3">testGemMenuActiveAfterClickingWithWait</a></td><td rowspan="1">1761226421477</td><td rowspan="1">1386</td></tr><tr><th colspan="4">UI Tests &#8212; passed</th></tr><tr class="passedeven"><td rowspan="10">com.solvd.demo.ui.tests.UITest</td><td><a href="#m4">testAvatarVisibilityAfterHideMenu</a></td><td rowspan="1">1761226393984</td><td rowspan="1">21759</td></tr><tr class="passedeven"><td><a href="#m5">testAvatarVisibilityBeforeHideMenu</a></td><td rowspan="1">1761226415754</td><td rowspan="1">862</td></tr><tr class="passedeven"><td><a href="#m6">testGemMenuActiveBeforeClicking</a></td><td rowspan="1">1761226423536</td><td rowspan="1">931</td></tr><tr class="passedeven"><td><a href="#m7">testHideMenu_WaitsAvatarDisappear</a></td><td rowspan="1">1761226424479</td><td rowspan="1">927</td></tr><tr class="passedeven"><td><a href="#m8">testHomePageLoading</a></td><td rowspan="1">1761226425418</td><td rowspan="1">377</td></tr><tr class="passedeven"><td><a href="#m9">testKnowMoreButtonClickNavigatesToInner</a></td><td rowspan="1">1761226425805</td><td rowspan="1">546</td></tr><tr class="passedeven"><td><a href="#m10">testKnowMore_WaitsForInnerUrl</a></td><td rowspan="1">1761226426363</td><td rowspan="1">659</td></tr><tr class="passedeven"><td><a href="#m11">testScrollButtonBecomesVisible</a></td><td rowspan="1">1761226427031</td><td rowspan="1">980</td></tr><tr class="passedeven"><td><a href="#m12">testScrollButtonScrollsUp</a></td><td rowspan="1">1761226428026</td><td rowspan="1">2101</td></tr><tr class="passedeven"><td><a href="#m13">testScrollUpButton_WaitsScrollTop</a></td><td rowspan="1">1761226430142</td><td rowspan="1">1096</td></tr></tbody>
</table>
<h2>UI Tests</h2><h3 id="m0">com.solvd.demo.ui.tests.UITest#testAddSkill_WaitsBadgeVisible</h3><table class="result"><tr><th>Messages</th></tr><tr><td><div class="messages">TEST [UI Tests - testAddSkill_WaitsBadgeVisible] FAILED at [09:33:13 2025-10-23] - null

com.zebrunner.carina.webdriver.decorator.ExtendedWebElement.clear(ExtendedWebElement.java:663)
com.solvd.demo.ui.pages.ElementsPage.fillSkillsForm(ElementsPage.java:98)
com.solvd.demo.ui.tests.UITest.testAddSkill_WaitsBadgeVisible(UITest.java:187)
java.base/jdk.internal.reflect.DirectMethodHandleAccessor.invoke(DirectMethodHandleAccessor.java:103)
java.base/java.lang.reflect.Method.invoke(Method.java:580)
org.testng.internal.invokers.MethodInvocationHelper.invokeMethod(MethodInvocationHelper.java:139)
org.testng.internal.invokers.TestInvoker.invokeMethod(TestInvoker.java:664)
org.testng.internal.invokers.TestInvoker.invokeTestMethod(TestInvoker.java:227)
org.testng.internal.invokers.MethodRunner.runInSequence(MethodRunner.java:50)
org.testng.internal.invokers.TestInvoker$MethodInvocationAgent.invoke(TestInvoker.java:957)
org.testng.internal.invokers.TestInvoker.invokeTestMethods(TestInvoker.java:200)
org.testng.internal.invokers.TestMethodWorker.invokeTestMethods(TestMethodWorker.java:148)
org.testng.internal.invokers.TestMethodWorker.run(TestMethodWorker.java:128)
java.base/java.util.ArrayList.forEach(ArrayList.java:1596)
org.testng.TestRunner.privateRun(TestRunner.java:848)
org.testng.TestRunner.run(TestRunner.java:621)
org.testng.SuiteRunner.runTest(SuiteRunner.java:443)
org.testng.SuiteRunner.runSequentially(SuiteRunner.java:437)
org.testng.SuiteRunner.privateRun(SuiteRunner.java:397)
org.testng.SuiteRunner.run(SuiteRunner.java:336)
org.testng.SuiteRunnerWorker.runSuite(SuiteRunnerWorker.java:52)
org.testng.SuiteRunnerWorker.run(SuiteRunnerWorker.java:95)
org.testng.TestNG.runSuitesSequentially(TestNG.java:1280)
org.testng.TestNG.runSuitesLocally(TestNG.java:1200)
org.testng.TestNG.runSuites(TestNG.java:1114)
org.testng.TestNG.run(TestNG.java:1082)
org.apache.maven.surefire.testng.TestNGExecutor.run(TestNGExecutor.java:308)
org.apache.maven.surefire.testng.TestNGXmlTestSuite.execute(TestNGXmlTestSuite.java:71)
org.apache.maven.surefire.testng.TestNGProvider.invoke(TestNGProvider.java:113)
org.apache.maven.surefire.booter.ForkedBooter.runSuitesInProcess(ForkedBooter.java:385)
org.apache.maven.surefire.booter.ForkedBooter.execute(ForkedBooter.java:162)
org.apache.maven.surefire.booter.ForkedBooter.run(ForkedBooter.java:507)
org.apache.maven.surefire.booter.ForkedBooter.main(ForkedBooter.java:495)</div></td></tr><tr><th>Exception</th></tr><tr><td><div class="stacktrace">org.apache.commons.lang3.NotImplementedException
	at com.zebrunner.carina.webdriver.decorator.ExtendedWebElement.clear(ExtendedWebElement.java:663)
	at com.solvd.demo.ui.pages.ElementsPage.fillSkillsForm(ElementsPage.java:98)
	at com.solvd.demo.ui.tests.UITest.testAddSkill_WaitsBadgeVisible(UITest.java:187)
	at java.base/java.util.ArrayList.forEach(ArrayList.java:1596)
... Removed 29 stack frames</div></td></tr></table><p class="totop"><a href="#summary">back to summary</a></p>
<h3 id="m1">com.solvd.demo.ui.tests.UITest#testFormButtonDisabledThenEnabled</h3><table class="result"><tr><th>Messages</th></tr><tr><td><div class="messages">TEST [UI Tests - testFormButtonDisabledThenEnabled] FAILED at [09:33:39 2025-10-23] - null

com.zebrunner.carina.webdriver.decorator.ExtendedWebElement.clear(ExtendedWebElement.java:663)
com.solvd.demo.ui.pages.ElementsPage.fillSkillsForm(ElementsPage.java:98)
com.solvd.demo.ui.tests.UITest.testFormButtonDisabledThenEnabled(UITest.java:101)
java.base/jdk.internal.reflect.DirectMethodHandleAccessor.invoke(DirectMethodHandleAccessor.java:103)
java.base/java.lang.reflect.Method.invoke(Method.java:580)
org.testng.internal.invokers.MethodInvocationHelper.invokeMethod(MethodInvocationHelper.java:139)
org.testng.internal.invokers.TestInvoker.invokeMethod(TestInvoker.java:664)
org.testng.internal.invokers.TestInvoker.invokeTestMethod(TestInvoker.java:227)
org.testng.internal.invokers.MethodRunner.runInSequence(MethodRunner.java:50)
org.testng.internal.invokers.TestInvoker$MethodInvocationAgent.invoke(TestInvoker.java:957)
org.testng.internal.invokers.TestInvoker.invokeTestMethods(TestInvoker.java:200)
org.testng.internal.invokers.TestMethodWorker.invokeTestMethods(TestMethodWorker.java:148)
org.testng.internal.invokers.TestMethodWorker.run(TestMethodWorker.java:128)
java.base/java.util.ArrayList.forEach(ArrayList.java:1596)
org.testng.TestRunner.privateRun(TestRunner.java:848)
org.testng.TestRunner.run(TestRunner.java:621)
org.testng.SuiteRunner.runTest(SuiteRunner.java:443)
org.testng.SuiteRunner.runSequentially(SuiteRunner.java:437)
org.testng.SuiteRunner.privateRun(SuiteRunner.java:397)
org.testng.SuiteRunner.run(SuiteRunner.java:336)
org.testng.SuiteRunnerWorker.runSuite(SuiteRunnerWorker.java:52)
org.testng.SuiteRunnerWorker.run(SuiteRunnerWorker.java:95)
org.testng.TestNG.runSuitesSequentially(TestNG.java:1280)
org.testng.TestNG.runSuitesLocally(TestNG.java:1200)
org.testng.TestNG.runSuites(TestNG.java:1114)
org.testng.TestNG.run(TestNG.java:1082)
org.apache.maven.surefire.testng.TestNGExecutor.run(TestNGExecutor.java:308)
org.apache.maven.surefire.testng.TestNGXmlTestSuite.execute(TestNGXmlTestSuite.java:71)
org.apache.maven.surefire.testng.TestNGProvider.invoke(TestNGProvider.java:113)
org.apache.maven.surefire.booter.ForkedBooter.runSuitesInProcess(ForkedBooter.java:385)
org.apache.maven.surefire.booter.ForkedBooter.execute(ForkedBooter.java:162)
org.apache.maven.surefire.booter.ForkedBooter.run(ForkedBooter.java:507)
org.apache.maven.surefire.booter.ForkedBooter.main(ForkedBooter.java:495)</div></td></tr><tr><th>Exception</th></tr><tr><td><div class="stacktrace">org.apache.commons.lang3.NotImplementedException
	at com.zebrunner.carina.webdriver.decorator.ExtendedWebElement.clear(ExtendedWebElement.java:663)
	at com.solvd.demo.ui.pages.ElementsPage.fillSkillsForm(ElementsPage.java:98)
	at com.solvd.demo.ui.tests.UITest.testFormButtonDisabledThenEnabled(UITest.java:101)
	at java.base/java.util.ArrayList.forEach(ArrayList.java:1596)
... Removed 29 stack frames</div></td></tr></table><p class="totop"><a href="#summary">back to summary</a></p>
<h3 id="m2">com.solvd.demo.ui.tests.UITest#testGemMenuActiveAfterClicking</h3><table class="result"><tr><th>Messages</th></tr><tr><td><div class="messages">TEST [UI Tests - testGemMenuActiveAfterClicking] FAILED at [09:33:41 2025-10-23] - Gem menu should have 'active' class after clicking! expected [true] but found [false]

org.testng.Assert.fail(Assert.java:111)
org.testng.Assert.failNotEquals(Assert.java:1578)
org.testng.Assert.assertTrue(Assert.java:57)
com.solvd.demo.ui.tests.UITest.testGemMenuActiveAfterClicking(UITest.java:79)
java.base/jdk.internal.reflect.DirectMethodHandleAccessor.invoke(DirectMethodHandleAccessor.java:103)
java.base/java.lang.reflect.Method.invoke(Method.java:580)
org.testng.internal.invokers.MethodInvocationHelper.invokeMethod(MethodInvocationHelper.java:139)
org.testng.internal.invokers.TestInvoker.invokeMethod(TestInvoker.java:664)
org.testng.internal.invokers.TestInvoker.invokeTestMethod(TestInvoker.java:227)
org.testng.internal.invokers.MethodRunner.runInSequence(MethodRunner.java:50)
org.testng.internal.invokers.TestInvoker$MethodInvocationAgent.invoke(TestInvoker.java:957)
org.testng.internal.invokers.TestInvoker.invokeTestMethods(TestInvoker.java:200)
org.testng.internal.invokers.TestMethodWorker.invokeTestMethods(TestMethodWorker.java:148)
org.testng.internal.invokers.TestMethodWorker.run(TestMethodWorker.java:128)
java.base/java.util.ArrayList.forEach(ArrayList.java:1596)
org.testng.TestRunner.privateRun(TestRunner.java:848)
org.testng.TestRunner.run(TestRunner.java:621)
org.testng.SuiteRunner.runTest(SuiteRunner.java:443)
org.testng.SuiteRunner.runSequentially(SuiteRunner.java:437)
org.testng.SuiteRunner.privateRun(SuiteRunner.java:397)
org.testng.SuiteRunner.run(SuiteRunner.java:336)
org.testng.SuiteRunnerWorker.runSuite(SuiteRunnerWorker.java:52)
org.testng.SuiteRunnerWorker.run(SuiteRunnerWorker.java:95)
org.testng.TestNG.runSuitesSequentially(TestNG.java:1280)
org.testng.TestNG.runSuitesLocally(TestNG.java:1200)
org.testng.TestNG.runSuites(TestNG.java:1114)
org.testng.TestNG.run(TestNG.java:1082)
org.apache.maven.surefire.testng.TestNGExecutor.run(TestNGExecutor.java:308)
org.apache.maven.surefire.testng.TestNGXmlTestSuite.execute(TestNGXmlTestSuite.java:71)
org.apache.maven.surefire.testng.TestNGProvider.invoke(TestNGProvider.java:113)
org.apache.maven.surefire.booter.ForkedBooter.runSuitesInProcess(ForkedBooter.java:385)
org.apache.maven.surefire.booter.ForkedBooter.execute(ForkedBooter.java:162)
org.apache.maven.surefire.booter.ForkedBooter.run(ForkedBooter.java:507)
org.apache.maven.surefire.booter.ForkedBooter.main(ForkedBooter.java:495)</div></td></tr><tr><th>Exception</th></tr><tr><td><div class="stacktrace">java.lang.AssertionError: Gem menu should have &apos;active&apos; class after clicking! expected [true] but found [false]
	at com.solvd.demo.ui.tests.UITest.testGemMenuActiveAfterClicking(UITest.java:79)
	at java.base/java.util.ArrayList.forEach(ArrayList.java:1596)
... Removed 32 stack frames</div></td></tr></table><p class="totop"><a href="#summary">back to summary</a></p>
<h3 id="m3">com.solvd.demo.ui.tests.UITest#testGemMenuActiveAfterClickingWithWait</h3><table class="result"><tr><th>Messages</th></tr><tr><td><div class="messages">TEST [UI Tests - testGemMenuActiveAfterClickingWithWait] FAILED at [09:33:43 2025-10-23] - Gem nav item should become active after click expected [true] but found [false]

org.testng.Assert.fail(Assert.java:111)
org.testng.Assert.failNotEquals(Assert.java:1578)
org.testng.Assert.assertTrue(Assert.java:57)
com.solvd.demo.ui.tests.UITest.testGemMenuActiveAfterClickingWithWait(UITest.java:164)
java.base/jdk.internal.reflect.DirectMethodHandleAccessor.invoke(DirectMethodHandleAccessor.java:103)
java.base/java.lang.reflect.Method.invoke(Method.java:580)
org.testng.internal.invokers.MethodInvocationHelper.invokeMethod(MethodInvocationHelper.java:139)
org.testng.internal.invokers.TestInvoker.invokeMethod(TestInvoker.java:664)
org.testng.internal.invokers.TestInvoker.invokeTestMethod(TestInvoker.java:227)
org.testng.internal.invokers.MethodRunner.runInSequence(MethodRunner.java:50)
org.testng.internal.invokers.TestInvoker$MethodInvocationAgent.invoke(TestInvoker.java:957)
org.testng.internal.invokers.TestInvoker.invokeTestMethods(TestInvoker.java:200)
org.testng.internal.invokers.TestMethodWorker.invokeTestMethods(TestMethodWorker.java:148)
org.testng.internal.invokers.TestMethodWorker.run(TestMethodWorker.java:128)
java.base/java.util.ArrayList.forEach(ArrayList.java:1596)
org.testng.TestRunner.privateRun(TestRunner.java:848)
org.testng.TestRunner.run(TestRunner.java:621)
org.testng.SuiteRunner.runTest(SuiteRunner.java:443)
org.testng.SuiteRunner.runSequentially(SuiteRunner.java:437)
org.testng.SuiteRunner.privateRun(SuiteRunner.java:397)
org.testng.SuiteRunner.run(SuiteRunner.java:336)
org.testng.SuiteRunnerWorker.runSuite(SuiteRunnerWorker.java:52)
org.testng.SuiteRunnerWorker.run(SuiteRunnerWorker.java:95)
org.testng.TestNG.runSuitesSequentially(TestNG.java:1280)
org.testng.TestNG.runSuitesLocally(TestNG.java:1200)
org.testng.TestNG.runSuites(TestNG.java:1114)
org.testng.TestNG.run(TestNG.java:1082)
org.apache.maven.surefire.testng.TestNGExecutor.run(TestNGExecutor.java:308)
org.apache.maven.surefire.testng.TestNGXmlTestSuite.execute(TestNGXmlTestSuite.java:71)
org.apache.maven.surefire.testng.TestNGProvider.invoke(TestNGProvider.java:113)
org.apache.maven.surefire.booter.ForkedBooter.runSuitesInProcess(ForkedBooter.java:385)
org.apache.maven.surefire.booter.ForkedBooter.execute(ForkedBooter.java:162)
org.apache.maven.surefire.booter.ForkedBooter.run(ForkedBooter.java:507)
org.apache.maven.surefire.booter.ForkedBooter.main(ForkedBooter.java:495)</div></td></tr><tr><th>Exception</th></tr><tr><td><div class="stacktrace">java.lang.AssertionError: Gem nav item should become active after click expected [true] but found [false]
	at com.solvd.demo.ui.tests.UITest.testGemMenuActiveAfterClickingWithWait(UITest.java:164)
	at java.base/java.util.ArrayList.forEach(ArrayList.java:1596)
... Removed 32 stack frames</div></td></tr></table><p class="totop"><a href="#summary">back to summary</a></p>
<h3 id="m4">com.solvd.demo.ui.tests.UITest#testAvatarVisibilityAfterHideMenu</h3><table class="result"><tr><th class="invisible"/></tr></table><p class="totop"><a href="#summary">back to summary</a></p>
<h3 id="m5">com.solvd.demo.ui.tests.UITest#testAvatarVisibilityBeforeHideMenu</h3><table class="result"><tr><th class="invisible"/></tr></table><p class="totop"><a href="#summary">back to summary</a></p>
<h3 id="m6">com.solvd.demo.ui.tests.UITest#testGemMenuActiveBeforeClicking</h3><table class="result"><tr><th class="invisible"/></tr></table><p class="totop"><a href="#summary">back to summary</a></p>
<h3 id="m7">com.solvd.demo.ui.tests.UITest#testHideMenu_WaitsAvatarDisappear</h3><table class="result"><tr><th class="invisible"/></tr></table><p class="totop"><a href="#summary">back to summary</a></p>
<h3 id="m8">com.solvd.demo.ui.tests.UITest#testHomePageLoading</h3><table class="result"><tr><th class="invisible"/></tr></table><p class="totop"><a href="#summary">back to summary</a></p>
<h3 id="m9">com.solvd.demo.ui.tests.UITest#testKnowMoreButtonClickNavigatesToInner</h3><table class="result"><tr><th class="invisible"/></tr></table><p class="totop"><a href="#summary">back to summary</a></p>
<h3 id="m10">com.solvd.demo.ui.tests.UITest#testKnowMore_WaitsForInnerUrl</h3><table class="result"><tr><th class="invisible"/></tr></table><p class="totop"><a href="#summary">back to summary</a></p>
<h3 id="m11">com.solvd.demo.ui.tests.UITest#testScrollButtonBecomesVisible</h3><table class="result"><tr><th class="invisible"/></tr></table><p class="totop"><a href="#summary">back to summary</a></p>
<h3 id="m12">com.solvd.demo.ui.tests.UITest#testScrollButtonScrollsUp</h3><table class="result"><tr><th class="invisible"/></tr></table><p class="totop"><a href="#summary">back to summary</a></p>
<h3 id="m13">com.solvd.demo.ui.tests.UITest#testScrollUpButton_WaitsScrollTop</h3><table class="result"><tr><th class="invisible"/></tr></table><p class="totop"><a href="#summary">back to summary</a></p>
</body>
</html>
